Using pre-set license
Built from '2020.3/staging' branch; Version is '2020.3.30f1 (1fb1bf06830e) revision 2077119'; Using compiler version '192528614'; Build Type 'Release'
OS: 'Windows 10  (10.0.19044) 64bit Core' Language: 'ko' Physical Memory: 16167 MB
BatchMode: 1, IsHumanControllingUs: 0, StartBugReporterOnCrash: 0, Is64bit: 1, IsPro: 0

COMMAND LINE ARGUMENTS:
C:\Program Files\Unity\Hub\Editor\2020.3.30f1\Editor\Unity.exe
-adb2
-batchMode
-noUpm
-name
AssetImportWorker1
-projectPath
C:/Users/cjmin/Project01/My project
-logFile
Logs/AssetImportWorker1.log
-srvPort
63338
Successfully changed project path to: C:/Users/cjmin/Project01/My project
C:/Users/cjmin/Project01/My project
Using Asset Import Pipeline V2.
Refreshing native plugins compatible for Editor in 61.23 ms, found 3 plugins.
Preloading 0 native plugins for Editor in 0.00 ms.
Initialize engine version: 2020.3.30f1 (1fb1bf06830e)
[Subsystems] Discovering subsystems at path C:/Program Files/Unity/Hub/Editor/2020.3.30f1/Editor/Data/Resources/UnitySubsystems
[Subsystems] Discovering subsystems at path C:/Users/cjmin/Project01/My project/Assets
GfxDevice: creating device client; threaded=0
Direct3D:
    Version:  Direct3D 11.0 [level 11.1]
    Renderer: NVIDIA GeForce MX450 (ID=0x1f97)
    Vendor:   
    VRAM:     1928 MB
    Driver:   30.0.15.1236
Initialize mono
Mono path[0] = 'C:/Program Files/Unity/Hub/Editor/2020.3.30f1/Editor/Data/Managed'
Mono path[1] = 'C:/Program Files/Unity/Hub/Editor/2020.3.30f1/Editor/Data/MonoBleedingEdge/lib/mono/unityjit'
Mono config path = 'C:/Program Files/Unity/Hub/Editor/2020.3.30f1/Editor/Data/MonoBleedingEdge/etc'
Using monoOptions --debugger-agent=transport=dt_socket,embedding=1,server=y,suspend=n,address=127.0.0.1:56588
Begin MonoManager ReloadAssembly
Registering precompiled unity dll's ...
Register platform support module: C:/Program Files/Unity/Hub/Editor/2020.3.30f1/Editor/Data/PlaybackEngines/WindowsStandaloneSupport/UnityEditor.WindowsStandalone.Extensions.dll
Registered in 0.002723 seconds.
Native extension for WindowsStandalone target not found
Refreshing native plugins compatible for Editor in 57.70 ms, found 3 plugins.
Preloading 0 native plugins for Editor in 0.00 ms.
Mono: successfully reloaded assembly
- Completed reload, in  0.713 seconds
Domain Reload Profiling:
	ReloadAssembly (714ms)
		BeginReloadAssembly (78ms)
			ExecutionOrderSort (0ms)
			DisableScriptedObjects (0ms)
			BackupInstance (0ms)
			ReleaseScriptingObjects (0ms)
			CreateAndSetChildDomain (1ms)
		EndReloadAssembly (558ms)
			LoadAssemblies (76ms)
			RebuildTransferFunctionScriptingTraits (0ms)
			SetupTypeCache (183ms)
			ReleaseScriptCaches (0ms)
			RebuildScriptCaches (33ms)
			SetupLoadedEditorAssemblies (209ms)
				LogAssemblyErrors (0ms)
				InitializePlatformSupportModulesInManaged (5ms)
				SetLoadedEditorAssemblies (0ms)
				RefreshPlugins (58ms)
				BeforeProcessingInitializeOnLoad (20ms)
				ProcessInitializeOnLoadAttributes (93ms)
				ProcessInitializeOnLoadMethodAttributes (32ms)
				AfterProcessingInitializeOnLoad (0ms)
				EditorAssembliesLoaded (0ms)
			ExecutionOrderSort2 (0ms)
			AwakeInstancesAfterBackupRestoration (0ms)
Platform modules already initialized, skipping
Registering precompiled user dll's ...
Registered in 0.004453 seconds.
Begin MonoManager ReloadAssembly
Symbol file data-000001ED839A7E40 doesn't match image C:\Users\cjmin\Project01\My project\Library\ScriptAssemblies\Unity.2D.Animation.Editor.dll
Symbol file LoadedFromMemory is not a mono symbol file
Symbol file data-000001EF7F37B820 doesn't match image C:\Users\cjmin\Project01\My project\Library\ScriptAssemblies\Unity.InternalAPIEngineBridge.001.dll
Symbol file LoadedFromMemory is not a mono symbol file
Symbol file data-000001EF7F0DF880 doesn't match image C:\Users\cjmin\Project01\My project\Library\ScriptAssemblies\Unity.VSCode.Editor.dll
Symbol file LoadedFromMemory is not a mono symbol file
Symbol file data-000001ED837A1FE0 doesn't match image C:\Users\cjmin\Project01\My project\Library\ScriptAssemblies\Unity.2D.PixelPerfect.dll
Symbol file LoadedFromMemory is not a mono symbol file
Symbol file data-000001ED839A7E40 doesn't match image C:\Users\cjmin\Project01\My project\Library\ScriptAssemblies\Unity.2D.Tilemap.Editor.dll
Symbol file LoadedFromMemory is not a mono symbol file
Symbol file data-000001ED839BB050 doesn't match image C:\Users\cjmin\Project01\My project\Library\ScriptAssemblies\PsdPlugin.dll
Symbol file LoadedFromMemory is not a mono symbol file
Symbol file data-000001ED839BB050 doesn't match image C:\Users\cjmin\Project01\My project\Library\ScriptAssemblies\Unity.TextMeshPro.Editor.dll
Symbol file LoadedFromMemory is not a mono symbol file
Symbol file data-000001ED83D39220 doesn't match image C:\Users\cjmin\Project01\My project\Library\ScriptAssemblies\Unity.VisualStudio.Editor.dll
Symbol file LoadedFromMemory is not a mono symbol file
Symbol file data-000001ED839D0660 doesn't match image C:\Users\cjmin\Project01\My project\Library\ScriptAssemblies\UnityEngine.TestRunner.dll
Symbol file LoadedFromMemory is not a mono symbol file
Symbol file data-000001ED839D0660 doesn't match image C:\Users\cjmin\Project01\My project\Library\ScriptAssemblies\Unity.Timeline.dll
Symbol file LoadedFromMemory is not a mono symbol file
Symbol file data-000001ED82F49010 doesn't match image C:\Users\cjmin\Project01\My project\Library\ScriptAssemblies\Unity.TextMeshPro.dll
Symbol file LoadedFromMemory is not a mono symbol file
Symbol file data-000001ED82F77220 doesn't match image C:\Users\cjmin\Project01\My project\Library\ScriptAssemblies\UnityEditor.TestRunner.dll
Symbol file LoadedFromMemory is not a mono symbol file
Symbol file data-000001ED83D39220 doesn't match image C:\Users\cjmin\Project01\My project\Library\ScriptAssemblies\Unity.2D.IK.Editor.dll
Symbol file LoadedFromMemory is not a mono symbol file
Symbol file data-000001ED82F77220 doesn't match image C:\Users\cjmin\Project01\My project\Library\ScriptAssemblies\Unity.2D.Sprite.Editor.dll
Symbol file LoadedFromMemory is not a mono symbol file
Symbol file data-000001ED839D0660 doesn't match image C:\Users\cjmin\Project01\My project\Library\ScriptAssemblies\Unity.2D.Psdimporter.Editor.dll
Symbol file LoadedFromMemory is not a mono symbol file
Symbol file data-000001EF7F1E70F0 doesn't match image C:\Users\cjmin\Project01\My project\Library\ScriptAssemblies\Unity.2D.Path.Editor.dll
Symbol file LoadedFromMemory is not a mono symbol file
Symbol file data-000001ED83976C20 doesn't match image C:\Users\cjmin\Project01\My project\Library\ScriptAssemblies\Unity.InternalAPIEditorBridge.001.dll
Symbol file LoadedFromMemory is not a mono symbol file
Symbol file data-000001EF7F1FBB00 doesn't match image C:\Users\cjmin\Project01\My project\Library\ScriptAssemblies\UnityEditor.UI.dll
Symbol file LoadedFromMemory is not a mono symbol file
Symbol file data-000001ED8322D010 doesn't match image C:\Users\cjmin\Project01\My project\Library\ScriptAssemblies\Unity.PlasticSCM.Editor.dll
Symbol file LoadedFromMemory is not a mono symbol file
Symbol file data-000001ED8345C830 doesn't match image C:\Users\cjmin\Project01\My project\Library\ScriptAssemblies\Unity.Rider.Editor.dll
Symbol file LoadedFromMemory is not a mono symbol file
Symbol file data-000001ED83EE9010 doesn't match image C:\Users\cjmin\Project01\My project\Library\ScriptAssemblies\UnityEngine.UI.dll
Symbol file LoadedFromMemory is not a mono symbol file
Symbol file data-000001ED83EE9010 doesn't match image C:\Users\cjmin\Project01\My project\Library\ScriptAssemblies\Unity.Mathematics.dll
Symbol file LoadedFromMemory is not a mono symbol file
Symbol file data-000001ED837A1FE0 doesn't match image C:\Users\cjmin\Project01\My project\Library\ScriptAssemblies\Unity.2D.IK.Runtime.dll
Symbol file LoadedFromMemory is not a mono symbol file
Symbol file data-000001ED83278030 doesn't match image C:\Users\cjmin\Project01\My project\Library\ScriptAssemblies\Unity.Services.Core.Editor.dll
Symbol file LoadedFromMemory is not a mono symbol file
Symbol file data-000001EF7F203B10 doesn't match image C:\Users\cjmin\Project01\My project\Library\ScriptAssemblies\TextToTMP.Editor.dll
Symbol file LoadedFromMemory is not a mono symbol file
Symbol file data-000001EF7F203B10 doesn't match image C:\Users\cjmin\Project01\My project\Library\ScriptAssemblies\Unity.2D.Animation.Runtime.dll
Symbol file LoadedFromMemory is not a mono symbol file
Symbol file data-000001ED837A1FE0 doesn't match image C:\Users\cjmin\Project01\My project\Library\ScriptAssemblies\Unity.2D.PixelPerfect.Editor.dll
Symbol file LoadedFromMemory is not a mono symbol file
Symbol file data-000001ED8358E020 doesn't match image C:\Users\cjmin\Project01\My project\Library\ScriptAssemblies\Unity.Timeline.Editor.dll
Symbol file LoadedFromMemory is not a mono symbol file
Symbol file data-000001ED83519E20 doesn't match image C:\Users\cjmin\Project01\My project\Library\ScriptAssemblies\Unity.CollabProxy.Editor.dll
Symbol file LoadedFromMemory is not a mono symbol file
Symbol file data-000001ED83F35440 doesn't match image C:\Users\cjmin\Project01\My project\Library\ScriptAssemblies\Unity.Mathematics.Editor.dll
Symbol file LoadedFromMemory is not a mono symbol file
Symbol file data-000001ED83278030 doesn't match image C:\Users\cjmin\Project01\My project\Library\ScriptAssemblies\Unity.2D.Common.Runtime.dll
Symbol file LoadedFromMemory is not a mono symbol file
Symbol file data-000001ED8352E030 doesn't match image C:\Users\cjmin\Project01\My project\Library\ScriptAssemblies\Unity.2D.SpriteShape.Editor.dll
Symbol file LoadedFromMemory is not a mono symbol file
Symbol file data-000001EF7F203B10 doesn't match image C:\Users\cjmin\Project01\My project\Library\ScriptAssemblies\Unity.2D.Common.Editor.dll
Symbol file LoadedFromMemory is not a mono symbol file
Symbol file data-000001ED835D3040 doesn't match image C:\Users\cjmin\Project01\My project\Library\ScriptAssemblies\Unity.2D.SpriteShape.Runtime.dll
Symbol file LoadedFromMemory is not a mono symbol file
Native extension for WindowsStandalone target not found
Refreshing native plugins compatible for Editor in 89.47 ms, found 3 plugins.
Preloading 0 native plugins for Editor in 0.00 ms.
Mono: successfully reloaded assembly
- Completed reload, in  1.571 seconds
Domain Reload Profiling:
	ReloadAssembly (1578ms)
		BeginReloadAssembly (166ms)
			ExecutionOrderSort (0ms)
			DisableScriptedObjects (4ms)
			BackupInstance (0ms)
			ReleaseScriptingObjects (0ms)
			CreateAndSetChildDomain (23ms)
		EndReloadAssembly (1341ms)
			LoadAssemblies (140ms)
			RebuildTransferFunctionScriptingTraits (0ms)
			SetupTypeCache (429ms)
			ReleaseScriptCaches (1ms)
			RebuildScriptCaches (62ms)
			SetupLoadedEditorAssemblies (533ms)
				LogAssemblyErrors (0ms)
				InitializePlatformSupportModulesInManaged (7ms)
				SetLoadedEditorAssemblies (1ms)
				RefreshPlugins (90ms)
				BeforeProcessingInitializeOnLoad (108ms)
				ProcessInitializeOnLoadAttributes (291ms)
				ProcessInitializeOnLoadMethodAttributes (22ms)
				AfterProcessingInitializeOnLoad (14ms)
				EditorAssembliesLoaded (0ms)
			ExecutionOrderSort2 (0ms)
			AwakeInstancesAfterBackupRestoration (8ms)
Platform modules already initialized, skipping
========================================================================
Worker process is ready to serve import requests
Launched and connected shader compiler UnityShaderCompiler.exe after 0.10 seconds
Refreshing native plugins compatible for Editor in 0.51 ms, found 3 plugins.
Preloading 0 native plugins for Editor in 0.00 ms.
Unloading 2240 Unused Serialized files (Serialized files now loaded: 0)
System memory in use before: 121.5 MB.
System memory in use after: 121.4 MB.

Unloading 30 unused Assets to reduce memory usage. Loaded Objects now: 2695.
Total: 2.753400 ms (FindLiveObjects: 0.168800 ms CreateObjectMapping: 0.044000 ms MarkObjects: 2.386900 ms  DeleteObjects: 0.152400 ms)

AssetImportParameters requested are different than current active one (requested -> active):
  custom:framework-win-MediaFoundation: 216162199b28c13a410421893ffa2e32 -> 
  custom:video-decoder-ogg-theora: a1e56fd34408186e4bbccfd4996cb3dc -> 
  custom:container-muxer-webm: aa71ff27fc2769a1b78a27578f13a17b -> 
  custom:container-demuxer-webm: 4f35f7cbe854078d1ac9338744f61a02 -> 
  custom:container-demuxer-ogg: 62fdf1f143b41e24485cea50d1cbac27 -> 
  custom:video-encoder-webm-vp8: eb34c28f22e8b96e1ab97ce403110664 -> 
  custom:video-decoder-webm-vp8: 9c59270c3fd7afecdb556c50c9e8de78 -> 
  custom:audio-decoder-ogg-vorbis: bf7c407c2cedff20999df2af8eb42d56 -> 
  custom:audio-encoder-webm-vorbis: bf7c407c2cedff20999df2af8eb42d56 -> 
========================================================================
Received Import Request.
  path: Assets/Scenes/Scene01.unity
  artifactKey: Guid(9b640abde0b922142a7d7edcf5375bf6) Importer(815301076,1909f56bfc062723c751e8b465ee728b)
Start importing Assets/Scenes/Scene01.unity using Guid(9b640abde0b922142a7d7edcf5375bf6) Importer(815301076,1909f56bfc062723c751e8b465ee728b)  -> (artifact id: 'a171a119d0273ab997716eeae8af28db') in 0.017571 seconds 
========================================================================
Received Import Request.
  Time since last request: 19.792121 seconds.
  path: Assets/Sunnyland/artwork/Environment/Tilemap/Tiles/tileset-sliced_73.asset
  artifactKey: Guid(d7df14e97274fa74b95f0e8d411b3c83) Importer(815301076,1909f56bfc062723c751e8b465ee728b)
Start importing Assets/Sunnyland/artwork/Environment/Tilemap/Tiles/tileset-sliced_73.asset using Guid(d7df14e97274fa74b95f0e8d411b3c83) Importer(815301076,1909f56bfc062723c751e8b465ee728b)  -> (artifact id: '5e8eb3ab45c2dbb7c22c6e57e7680996') in 0.154623 seconds 
========================================================================
Received Import Request.
  Time since last request: 0.000622 seconds.
  path: Assets/Sunnyland/artwork/Environment/Tilemap/Tiles/tileset-sliced_75.asset
  artifactKey: Guid(ffac5d09aae29184aa2063ad4f085f2a) Importer(815301076,1909f56bfc062723c751e8b465ee728b)
Start importing Assets/Sunnyland/artwork/Environment/Tilemap/Tiles/tileset-sliced_75.asset using Guid(ffac5d09aae29184aa2063ad4f085f2a) Importer(815301076,1909f56bfc062723c751e8b465ee728b)  -> (artifact id: 'fa13a8049b95ba014ba6bc6946b5f04f') in 0.023522 seconds 
========================================================================
Received Import Request.
  Time since last request: 0.000646 seconds.
  path: Assets/Sunnyland/artwork/Environment/Tilemap/Tiles/tileset-sliced_76.asset
  artifactKey: Guid(f6d50840c1f29a94faa68f6619e9202a) Importer(815301076,1909f56bfc062723c751e8b465ee728b)
Start importing Assets/Sunnyland/artwork/Environment/Tilemap/Tiles/tileset-sliced_76.asset using Guid(f6d50840c1f29a94faa68f6619e9202a) Importer(815301076,1909f56bfc062723c751e8b465ee728b)  -> (artifact id: '1b2041e769b41c51c3d6484cdf3a112c') in 0.025980 seconds 
========================================================================
Received Import Request.
  Time since last request: 0.000438 seconds.
  path: Assets/Sunnyland/artwork/Environment/Tilemap/Tiles/tileset-sliced_77.asset
  artifactKey: Guid(15f99e34909e9fc4b9543ce72d010444) Importer(815301076,1909f56bfc062723c751e8b465ee728b)
Start importing Assets/Sunnyland/artwork/Environment/Tilemap/Tiles/tileset-sliced_77.asset using Guid(15f99e34909e9fc4b9543ce72d010444) Importer(815301076,1909f56bfc062723c751e8b465ee728b)  -> (artifact id: '45a149c46d4c8460b09c587f6126811a') in 0.022129 seconds 
========================================================================
Received Import Request.
  Time since last request: 0.000358 seconds.
  path: Assets/Sunnyland/artwork/Environment/Tilemap/Tiles/tileset-sliced_74.asset
  artifactKey: Guid(9948cfa208b1ee644ae8ccde855bbbb4) Importer(815301076,1909f56bfc062723c751e8b465ee728b)
Start importing Assets/Sunnyland/artwork/Environment/Tilemap/Tiles/tileset-sliced_74.asset using Guid(9948cfa208b1ee644ae8ccde855bbbb4) Importer(815301076,1909f56bfc062723c751e8b465ee728b)  -> (artifact id: 'd93a36c11741fb3bbc3b9ce17ea731e2') in 0.022794 seconds 
========================================================================
Received Import Request.
  Time since last request: 0.000403 seconds.
  path: Assets/Sunnyland/artwork/Environment/Tilemap/Tiles/tileset-sliced_84.asset
  artifactKey: Guid(40b457676b983b64b849f451447bb79c) Importer(815301076,1909f56bfc062723c751e8b465ee728b)
Start importing Assets/Sunnyland/artwork/Environment/Tilemap/Tiles/tileset-sliced_84.asset using Guid(40b457676b983b64b849f451447bb79c) Importer(815301076,1909f56bfc062723c751e8b465ee728b)  -> (artifact id: '640eb48ffd2b8a7c189c6fb7cba1c650') in 0.025756 seconds 
========================================================================
Received Import Request.
  Time since last request: 0.000525 seconds.
  path: Assets/Sunnyland/artwork/Environment/Tilemap/Tiles/tileset-sliced_87.asset
  artifactKey: Guid(644a9daeb8285724780f2221d54b0a6f) Importer(815301076,1909f56bfc062723c751e8b465ee728b)
Start importing Assets/Sunnyland/artwork/Environment/Tilemap/Tiles/tileset-sliced_87.asset using Guid(644a9daeb8285724780f2221d54b0a6f) Importer(815301076,1909f56bfc062723c751e8b465ee728b)  -> (artifact id: 'adcfbe0e369e8b7cdfab6568bc7c5d49') in 0.024379 seconds 
========================================================================
Received Import Request.
  Time since last request: 0.000268 seconds.
  path: Assets/Sunnyland/artwork/Environment/Tilemap/Tiles/tileset-sliced_86.asset
  artifactKey: Guid(0184669a071c21e4ebd1f0306962f552) Importer(815301076,1909f56bfc062723c751e8b465ee728b)
Start importing Assets/Sunnyland/artwork/Environment/Tilemap/Tiles/tileset-sliced_86.asset using Guid(0184669a071c21e4ebd1f0306962f552) Importer(815301076,1909f56bfc062723c751e8b465ee728b)  -> (artifact id: 'a28c8a03a10feb94946cc66125170fd0') in 0.022725 seconds 
========================================================================
Received Import Request.
  Time since last request: 0.000516 seconds.
  path: Assets/Sunnyland/artwork/Environment/Tilemap/Tiles/tileset-sliced_114.asset
  artifactKey: Guid(0abbfbea325764242be48aa401c33c4c) Importer(815301076,1909f56bfc062723c751e8b465ee728b)
Start importing Assets/Sunnyland/artwork/Environment/Tilemap/Tiles/tileset-sliced_114.asset using Guid(0abbfbea325764242be48aa401c33c4c) Importer(815301076,1909f56bfc062723c751e8b465ee728b)  -> (artifact id: 'f355f0429f7345eed97b9e8e40487789') in 0.021996 seconds 
========================================================================
Received Import Request.
  Time since last request: 0.000239 seconds.
  path: Assets/Sunnyland/artwork/Environment/Tilemap/Tiles/tileset-sliced_82.asset
  artifactKey: Guid(33c1249270ead7342b8a1207287666b7) Importer(815301076,1909f56bfc062723c751e8b465ee728b)
Start importing Assets/Sunnyland/artwork/Environment/Tilemap/Tiles/tileset-sliced_82.asset using Guid(33c1249270ead7342b8a1207287666b7) Importer(815301076,1909f56bfc062723c751e8b465ee728b)  -> (artifact id: '77a6df35ef382f558beb974c2769c02c') in 0.022245 seconds 
========================================================================
Received Import Request.
  Time since last request: 0.000386 seconds.
  path: Assets/Sunnyland/artwork/Environment/Tilemap/Tiles/tileset-sliced_105.asset
  artifactKey: Guid(fc92661d8cd8ee9489d4464887680442) Importer(815301076,1909f56bfc062723c751e8b465ee728b)
Start importing Assets/Sunnyland/artwork/Environment/Tilemap/Tiles/tileset-sliced_105.asset using Guid(fc92661d8cd8ee9489d4464887680442) Importer(815301076,1909f56bfc062723c751e8b465ee728b)  -> (artifact id: '152629eb2e72ee37fe1335d881d5637b') in 0.020401 seconds 
========================================================================
Received Import Request.
  Time since last request: 0.000577 seconds.
  path: Assets/Sunnyland/artwork/Environment/Tilemap/Tiles/tileset-sliced_107.asset
  artifactKey: Guid(31b8c5c3ed22602418708e7572235a7f) Importer(815301076,1909f56bfc062723c751e8b465ee728b)
Start importing Assets/Sunnyland/artwork/Environment/Tilemap/Tiles/tileset-sliced_107.asset using Guid(31b8c5c3ed22602418708e7572235a7f) Importer(815301076,1909f56bfc062723c751e8b465ee728b)  -> (artifact id: '004081bb50094f7361c50859202f2c79') in 0.020219 seconds 
========================================================================
Received Import Request.
  Time since last request: 0.000305 seconds.
  path: Assets/Sunnyland/artwork/Environment/Tilemap/Tiles/tileset-sliced_106.asset
  artifactKey: Guid(c0ef1b843bd8eae46a4ef5a1f4789deb) Importer(815301076,1909f56bfc062723c751e8b465ee728b)
Start importing Assets/Sunnyland/artwork/Environment/Tilemap/Tiles/tileset-sliced_106.asset using Guid(c0ef1b843bd8eae46a4ef5a1f4789deb) Importer(815301076,1909f56bfc062723c751e8b465ee728b)  -> (artifact id: '2ffb6716d7b3418c7418809d2633af46') in 0.020156 seconds 
========================================================================
Received Import Request.
  Time since last request: 0.000618 seconds.
  path: Assets/Sunnyland/artwork/Environment/Tilemap/Tiles/tileset-sliced_118.asset
  artifactKey: Guid(e54df3e4a87a4ee4eb133f624d5a1cca) Importer(815301076,1909f56bfc062723c751e8b465ee728b)
Start importing Assets/Sunnyland/artwork/Environment/Tilemap/Tiles/tileset-sliced_118.asset using Guid(e54df3e4a87a4ee4eb133f624d5a1cca) Importer(815301076,1909f56bfc062723c751e8b465ee728b)  -> (artifact id: 'c122b67d9a858f1118013443ec5caf34') in 0.021302 seconds 
========================================================================
Received Import Request.
  Time since last request: 0.000304 seconds.
  path: Assets/Sunnyland/artwork/Environment/Tilemap/Tiles/tileset-sliced_96.asset
  artifactKey: Guid(8d0e082d8d96b2b4687fbeb64351b20a) Importer(815301076,1909f56bfc062723c751e8b465ee728b)
Start importing Assets/Sunnyland/artwork/Environment/Tilemap/Tiles/tileset-sliced_96.asset using Guid(8d0e082d8d96b2b4687fbeb64351b20a) Importer(815301076,1909f56bfc062723c751e8b465ee728b)  -> (artifact id: '216b706edf17315ba65925a3e3dbb7fb') in 0.023041 seconds 
========================================================================
Received Import Request.
  Time since last request: 0.000425 seconds.
  path: Assets/Sunnyland/artwork/Environment/Tilemap/Tiles/tileset-sliced_113.asset
  artifactKey: Guid(d692a42439b77d5498d3f3077af2e239) Importer(815301076,1909f56bfc062723c751e8b465ee728b)
Start importing Assets/Sunnyland/artwork/Environment/Tilemap/Tiles/tileset-sliced_113.asset using Guid(d692a42439b77d5498d3f3077af2e239) Importer(815301076,1909f56bfc062723c751e8b465ee728b)  -> (artifact id: 'd2f5b1c5fde3ccded6fcc696b61004be') in 0.027191 seconds 
========================================================================
Received Import Request.
  Time since last request: 0.000300 seconds.
  path: Assets/Sunnyland/artwork/Environment/Tilemap/Tiles/tileset-sliced_127.asset
  artifactKey: Guid(c9b3d8eebb5522b46a0400ff62b7b6d1) Importer(815301076,1909f56bfc062723c751e8b465ee728b)
Start importing Assets/Sunnyland/artwork/Environment/Tilemap/Tiles/tileset-sliced_127.asset using Guid(c9b3d8eebb5522b46a0400ff62b7b6d1) Importer(815301076,1909f56bfc062723c751e8b465ee728b)  -> (artifact id: '9ba0ae47112b6e7b60e00720dea917ef') in 0.026634 seconds 
========================================================================
Received Import Request.
  Time since last request: 0.000279 seconds.
  path: Assets/Sunnyland/artwork/Environment/Tilemap/Tiles/tileset-sliced_126.asset
  artifactKey: Guid(cacb19cef2ea8f0448e28afe88b7872f) Importer(815301076,1909f56bfc062723c751e8b465ee728b)
Start importing Assets/Sunnyland/artwork/Environment/Tilemap/Tiles/tileset-sliced_126.asset using Guid(cacb19cef2ea8f0448e28afe88b7872f) Importer(815301076,1909f56bfc062723c751e8b465ee728b)  -> (artifact id: '9123256feaa951db9bb34af64d5ea06e') in 0.020724 seconds 
========================================================================
Received Import Request.
  Time since last request: 0.000420 seconds.
  path: Assets/Sunnyland/artwork/Environment/Tilemap/Tiles/tileset-sliced_123.asset
  artifactKey: Guid(b776809874f7e8845ad92470ff3fdc3d) Importer(815301076,1909f56bfc062723c751e8b465ee728b)
Start importing Assets/Sunnyland/artwork/Environment/Tilemap/Tiles/tileset-sliced_123.asset using Guid(b776809874f7e8845ad92470ff3fdc3d) Importer(815301076,1909f56bfc062723c751e8b465ee728b)  -> (artifact id: '79a9d8bac3f48ba7ba83ede617bd6529') in 0.023486 seconds 
========================================================================
Received Import Request.
  Time since last request: 0.000307 seconds.
  path: Assets/Sunnyland/artwork/Environment/Tilemap/Tiles/tileset-sliced_112.asset
  artifactKey: Guid(39b0010efe68f53459d9031ea1260509) Importer(815301076,1909f56bfc062723c751e8b465ee728b)
Start importing Assets/Sunnyland/artwork/Environment/Tilemap/Tiles/tileset-sliced_112.asset using Guid(39b0010efe68f53459d9031ea1260509) Importer(815301076,1909f56bfc062723c751e8b465ee728b)  -> (artifact id: '666a54b47d3c88adc35f3ae89e492b74') in 0.026781 seconds 
========================================================================
Received Import Request.
  Time since last request: 0.000484 seconds.
  path: Assets/Sunnyland/artwork/Environment/Tilemap/Tiles/tileset-sliced_95.asset
  artifactKey: Guid(eb3c7efa29ef8ee4cb0e309ac760a842) Importer(815301076,1909f56bfc062723c751e8b465ee728b)
Start importing Assets/Sunnyland/artwork/Environment/Tilemap/Tiles/tileset-sliced_95.asset using Guid(eb3c7efa29ef8ee4cb0e309ac760a842) Importer(815301076,1909f56bfc062723c751e8b465ee728b)  -> (artifact id: '12674c211ed1a5893365f547ddde4f19') in 0.027616 seconds 
========================================================================
Received Import Request.
  Time since last request: 0.000509 seconds.
  path: Assets/Sunnyland/artwork/Environment/Tilemap/Tiles/tileset-sliced_125.asset
  artifactKey: Guid(6505b686880a7db44a10859f342aa094) Importer(815301076,1909f56bfc062723c751e8b465ee728b)
Start importing Assets/Sunnyland/artwork/Environment/Tilemap/Tiles/tileset-sliced_125.asset using Guid(6505b686880a7db44a10859f342aa094) Importer(815301076,1909f56bfc062723c751e8b465ee728b)  -> (artifact id: '838a29cd2475c2aa39d2cf875516de95') in 0.022161 seconds 
========================================================================
Received Import Request.
  Time since last request: 0.000311 seconds.
  path: Assets/Sunnyland/artwork/Environment/Tilemap/Tiles/tileset-sliced_89.asset
  artifactKey: Guid(01c71fc71cf2d0e43a34bc0b470bd2dd) Importer(815301076,1909f56bfc062723c751e8b465ee728b)
Start importing Assets/Sunnyland/artwork/Environment/Tilemap/Tiles/tileset-sliced_89.asset using Guid(01c71fc71cf2d0e43a34bc0b470bd2dd) Importer(815301076,1909f56bfc062723c751e8b465ee728b)  -> (artifact id: '48f5e0fea5c15ddf54ec2e1354dcfb3e') in 0.024101 seconds 
========================================================================
Received Import Request.
  Time since last request: 0.000564 seconds.
  path: Assets/Sunnyland/artwork/Environment/Tilemap/Tiles/tileset-sliced_99.asset
  artifactKey: Guid(cb6f4c4bf5f24bb4ba74775a5e5e8bf5) Importer(815301076,1909f56bfc062723c751e8b465ee728b)
Start importing Assets/Sunnyland/artwork/Environment/Tilemap/Tiles/tileset-sliced_99.asset using Guid(cb6f4c4bf5f24bb4ba74775a5e5e8bf5) Importer(815301076,1909f56bfc062723c751e8b465ee728b)  -> (artifact id: 'cb3f1074410a6ef74ba6b20d2490a101') in 0.022131 seconds 
========================================================================
Received Import Request.
  Time since last request: 0.000498 seconds.
  path: Assets/Sunnyland/artwork/Environment/Tilemap/Tiles/tileset-sliced_80.asset
  artifactKey: Guid(63bdc88d398dba84e91b0eae96b98869) Importer(815301076,1909f56bfc062723c751e8b465ee728b)
Start importing Assets/Sunnyland/artwork/Environment/Tilemap/Tiles/tileset-sliced_80.asset using Guid(63bdc88d398dba84e91b0eae96b98869) Importer(815301076,1909f56bfc062723c751e8b465ee728b)  -> (artifact id: '0475828629d4aff3939bbb7bda458f21') in 0.021905 seconds 
========================================================================
Received Import Request.
  Time since last request: 0.000376 seconds.
  path: Assets/Sunnyland/artwork/Environment/Tilemap/Tiles/tileset-sliced_94.asset
  artifactKey: Guid(ef92d17be2f9bf54d889f41cdc7e7ed1) Importer(815301076,1909f56bfc062723c751e8b465ee728b)
Start importing Assets/Sunnyland/artwork/Environment/Tilemap/Tiles/tileset-sliced_94.asset using Guid(ef92d17be2f9bf54d889f41cdc7e7ed1) Importer(815301076,1909f56bfc062723c751e8b465ee728b)  -> (artifact id: '95ddb2f25e56e851b98f1162a1d93a3d') in 0.021091 seconds 
========================================================================
Received Import Request.
  Time since last request: 0.000405 seconds.
  path: Assets/Sunnyland/artwork/Environment/Tilemap/Tiles/tileset-sliced_109.asset
  artifactKey: Guid(aabbe271f94324440a20d213dc3581b8) Importer(815301076,1909f56bfc062723c751e8b465ee728b)
Start importing Assets/Sunnyland/artwork/Environment/Tilemap/Tiles/tileset-sliced_109.asset using Guid(aabbe271f94324440a20d213dc3581b8) Importer(815301076,1909f56bfc062723c751e8b465ee728b)  -> (artifact id: '3fc10e8b63efd1b6a09a367359bf1b53') in 0.021228 seconds 
========================================================================
Received Import Request.
  Time since last request: 0.000242 seconds.
  path: Assets/Sunnyland/artwork/Environment/Tilemap/Tiles/tileset-sliced_78.asset
  artifactKey: Guid(2ed97bfc3b01b5e43bfba24cb34fdf53) Importer(815301076,1909f56bfc062723c751e8b465ee728b)
Start importing Assets/Sunnyland/artwork/Environment/Tilemap/Tiles/tileset-sliced_78.asset using Guid(2ed97bfc3b01b5e43bfba24cb34fdf53) Importer(815301076,1909f56bfc062723c751e8b465ee728b)  -> (artifact id: '4e2db97a153693bfca5ecb336e26e8e4') in 0.024588 seconds 
========================================================================
Received Import Request.
  Time since last request: 0.000370 seconds.
  path: Assets/Sunnyland/artwork/Environment/Tilemap/Tiles/tileset-sliced_101.asset
  artifactKey: Guid(080e347f7ac84e147b185e3113f898bc) Importer(815301076,1909f56bfc062723c751e8b465ee728b)
Start importing Assets/Sunnyland/artwork/Environment/Tilemap/Tiles/tileset-sliced_101.asset using Guid(080e347f7ac84e147b185e3113f898bc) Importer(815301076,1909f56bfc062723c751e8b465ee728b)  -> (artifact id: '46a49773ab541e4c63cee7499ed46a33') in 0.031153 seconds 
========================================================================
Received Import Request.
  Time since last request: 0.000492 seconds.
  path: Assets/Sunnyland/artwork/Environment/Tilemap/Tiles/tileset-sliced_85.asset
  artifactKey: Guid(8cb8200d12f47004588839bd2e9c6232) Importer(815301076,1909f56bfc062723c751e8b465ee728b)
Start importing Assets/Sunnyland/artwork/Environment/Tilemap/Tiles/tileset-sliced_85.asset using Guid(8cb8200d12f47004588839bd2e9c6232) Importer(815301076,1909f56bfc062723c751e8b465ee728b)  -> (artifact id: '500fb02601d83fc8efb2736593a95627') in 0.022618 seconds 
========================================================================
Received Import Request.
  Time since last request: 0.000286 seconds.
  path: Assets/Sunnyland/artwork/Environment/Tilemap/Tiles/tileset-sliced_92.asset
  artifactKey: Guid(27d0c1d001d758e4196cd710208cc56f) Importer(815301076,1909f56bfc062723c751e8b465ee728b)
Start importing Assets/Sunnyland/artwork/Environment/Tilemap/Tiles/tileset-sliced_92.asset using Guid(27d0c1d001d758e4196cd710208cc56f) Importer(815301076,1909f56bfc062723c751e8b465ee728b)  -> (artifact id: '6af5e971119581c73da07b56a6219051') in 0.019009 seconds 
========================================================================
Received Import Request.
  Time since last request: 0.000398 seconds.
  path: Assets/Sunnyland/artwork/Environment/Tilemap/Tiles/tileset-sliced_81.asset
  artifactKey: Guid(404e0fe7622103f409ca2ce4c9fe8e1d) Importer(815301076,1909f56bfc062723c751e8b465ee728b)
Start importing Assets/Sunnyland/artwork/Environment/Tilemap/Tiles/tileset-sliced_81.asset using Guid(404e0fe7622103f409ca2ce4c9fe8e1d) Importer(815301076,1909f56bfc062723c751e8b465ee728b)  -> (artifact id: '146039238e4f7ae851b353ed0998f45d') in 0.016949 seconds 
========================================================================
Received Import Request.
  Time since last request: 0.000326 seconds.
  path: Assets/Sunnyland/artwork/Environment/Tilemap/Tiles/tileset-sliced_116.asset
  artifactKey: Guid(1e5c68a4d4906bb49bfd2e0da818f545) Importer(815301076,1909f56bfc062723c751e8b465ee728b)
Start importing Assets/Sunnyland/artwork/Environment/Tilemap/Tiles/tileset-sliced_116.asset using Guid(1e5c68a4d4906bb49bfd2e0da818f545) Importer(815301076,1909f56bfc062723c751e8b465ee728b)  -> (artifact id: 'e8f58457a9f6e7f10770c7b6169271d2') in 0.026864 seconds 
========================================================================
Received Import Request.
  Time since last request: 0.000380 seconds.
  path: Assets/Sunnyland/artwork/Environment/Tilemap/Tiles/tileset-sliced_88.asset
  artifactKey: Guid(28b0ef38a5e6a6346b6f24e43a3d4b94) Importer(815301076,1909f56bfc062723c751e8b465ee728b)
Start importing Assets/Sunnyland/artwork/Environment/Tilemap/Tiles/tileset-sliced_88.asset using Guid(28b0ef38a5e6a6346b6f24e43a3d4b94) Importer(815301076,1909f56bfc062723c751e8b465ee728b)  -> (artifact id: '6a1e1df74c71cc6433977c2d8cca217a') in 0.021987 seconds 
========================================================================
Received Import Request.
  Time since last request: 0.000399 seconds.
  path: Assets/Sunnyland/artwork/Environment/Tilemap/Tiles/tileset-sliced_122.asset
  artifactKey: Guid(6909fd168ab08c243af75fbb1cbd24fd) Importer(815301076,1909f56bfc062723c751e8b465ee728b)
Start importing Assets/Sunnyland/artwork/Environment/Tilemap/Tiles/tileset-sliced_122.asset using Guid(6909fd168ab08c243af75fbb1cbd24fd) Importer(815301076,1909f56bfc062723c751e8b465ee728b)  -> (artifact id: '01b59b04dd4913d895c6da78126e4785') in 0.020666 seconds 
========================================================================
Received Import Request.
  Time since last request: 0.000383 seconds.
  path: Assets/Sunnyland/artwork/Environment/Tilemap/Tiles/tileset-sliced_98.asset
  artifactKey: Guid(d55d6b60815f66e46bb15fcab57ad21d) Importer(815301076,1909f56bfc062723c751e8b465ee728b)
Start importing Assets/Sunnyland/artwork/Environment/Tilemap/Tiles/tileset-sliced_98.asset using Guid(d55d6b60815f66e46bb15fcab57ad21d) Importer(815301076,1909f56bfc062723c751e8b465ee728b)  -> (artifact id: 'd213b8498577a37585a64e9bded49f8b') in 0.016899 seconds 
========================================================================
Received Import Request.
  Time since last request: 0.000371 seconds.
  path: Assets/Sunnyland/artwork/Environment/Tilemap/Tiles/tileset-sliced_91.asset
  artifactKey: Guid(54e8e4c90f641b247ac09595e6587c9f) Importer(815301076,1909f56bfc062723c751e8b465ee728b)
Start importing Assets/Sunnyland/artwork/Environment/Tilemap/Tiles/tileset-sliced_91.asset using Guid(54e8e4c90f641b247ac09595e6587c9f) Importer(815301076,1909f56bfc062723c751e8b465ee728b)  -> (artifact id: '0365b389125ec5929bcf9501d211ee79') in 0.022722 seconds 
========================================================================
Received Import Request.
  Time since last request: 0.000392 seconds.
  path: Assets/Sunnyland/artwork/Environment/Tilemap/Tiles/tileset-sliced_121.asset
  artifactKey: Guid(6ed884c38aeaf5e448025c923ed58232) Importer(815301076,1909f56bfc062723c751e8b465ee728b)
Start importing Assets/Sunnyland/artwork/Environment/Tilemap/Tiles/tileset-sliced_121.asset using Guid(6ed884c38aeaf5e448025c923ed58232) Importer(815301076,1909f56bfc062723c751e8b465ee728b)  -> (artifact id: '86d3486c58db43a203079cfbbba7677d') in 0.021737 seconds 
========================================================================
Received Import Request.
  Time since last request: 0.000400 seconds.
  path: Assets/Sunnyland/artwork/Environment/Tilemap/Tiles/tileset-sliced_110.asset
  artifactKey: Guid(e2536ce3e4d505b48a6b3d3ecb3f57d0) Importer(815301076,1909f56bfc062723c751e8b465ee728b)
Start importing Assets/Sunnyland/artwork/Environment/Tilemap/Tiles/tileset-sliced_110.asset using Guid(e2536ce3e4d505b48a6b3d3ecb3f57d0) Importer(815301076,1909f56bfc062723c751e8b465ee728b)  -> (artifact id: 'b707afb959e9f55f99e9ea922eaa6d5a') in 0.020194 seconds 
========================================================================
Received Import Request.
  Time since last request: 0.000523 seconds.
  path: Assets/Sunnyland/artwork/Environment/Tilemap/Tiles/tileset-sliced_119.asset
  artifactKey: Guid(2b0c5be15b39e9d49aa9dccaed067ce3) Importer(815301076,1909f56bfc062723c751e8b465ee728b)
Start importing Assets/Sunnyland/artwork/Environment/Tilemap/Tiles/tileset-sliced_119.asset using Guid(2b0c5be15b39e9d49aa9dccaed067ce3) Importer(815301076,1909f56bfc062723c751e8b465ee728b)  -> (artifact id: '56cb674f7e7b09b88d9166a22d61985c') in 0.021264 seconds 
========================================================================
Received Import Request.
  Time since last request: 0.000282 seconds.
  path: Assets/Sunnyland/artwork/Environment/Tilemap/Tiles/tileset-sliced_115.asset
  artifactKey: Guid(87f4088da4b46f0419ce2a2d47f7c3fa) Importer(815301076,1909f56bfc062723c751e8b465ee728b)
Start importing Assets/Sunnyland/artwork/Environment/Tilemap/Tiles/tileset-sliced_115.asset using Guid(87f4088da4b46f0419ce2a2d47f7c3fa) Importer(815301076,1909f56bfc062723c751e8b465ee728b)  -> (artifact id: '5edba9cfcde325deebb9cf2fa91eda47') in 0.018847 seconds 
========================================================================
Received Import Request.
  Time since last request: 0.000306 seconds.
  path: Assets/Sunnyland/artwork/Environment/Tilemap/Tiles/tileset-sliced_83.asset
  artifactKey: Guid(ef93e6c56c066d44aa65fe30f794dc2f) Importer(815301076,1909f56bfc062723c751e8b465ee728b)
Start importing Assets/Sunnyland/artwork/Environment/Tilemap/Tiles/tileset-sliced_83.asset using Guid(ef93e6c56c066d44aa65fe30f794dc2f) Importer(815301076,1909f56bfc062723c751e8b465ee728b)  -> (artifact id: 'bdfa5fa474a9e9ff1a5fb60697e088ac') in 0.020613 seconds 
========================================================================
Received Import Request.
  Time since last request: 0.000276 seconds.
  path: Assets/Sunnyland/artwork/Environment/Tilemap/Tiles/tileset-sliced_93.asset
  artifactKey: Guid(0db8c0325c132444d84a7aa3eb427437) Importer(815301076,1909f56bfc062723c751e8b465ee728b)
Start importing Assets/Sunnyland/artwork/Environment/Tilemap/Tiles/tileset-sliced_93.asset using Guid(0db8c0325c132444d84a7aa3eb427437) Importer(815301076,1909f56bfc062723c751e8b465ee728b)  -> (artifact id: 'a259281fc83f1c9581197e7571917986') in 0.019310 seconds 
========================================================================
Received Import Request.
  Time since last request: 0.000300 seconds.
  path: Assets/Sunnyland/artwork/Environment/Tilemap/Tiles/tileset-sliced_117.asset
  artifactKey: Guid(58fbc042f40147e4a8f11303979c3b22) Importer(815301076,1909f56bfc062723c751e8b465ee728b)
Start importing Assets/Sunnyland/artwork/Environment/Tilemap/Tiles/tileset-sliced_117.asset using Guid(58fbc042f40147e4a8f11303979c3b22) Importer(815301076,1909f56bfc062723c751e8b465ee728b)  -> (artifact id: '23c99f8ba482d0e71384af09421e322b') in 0.021980 seconds 
========================================================================
Received Import Request.
  Time since last request: 0.000272 seconds.
  path: Assets/Sunnyland/artwork/Environment/Tilemap/Tiles/tileset-sliced_79.asset
  artifactKey: Guid(3896087cbe8ca17468dd472c3f998676) Importer(815301076,1909f56bfc062723c751e8b465ee728b)
Start importing Assets/Sunnyland/artwork/Environment/Tilemap/Tiles/tileset-sliced_79.asset using Guid(3896087cbe8ca17468dd472c3f998676) Importer(815301076,1909f56bfc062723c751e8b465ee728b)  -> (artifact id: '0714259301fe75b5970e33666122c15f') in 0.019120 seconds 
========================================================================
Received Import Request.
  Time since last request: 0.000282 seconds.
  path: Assets/Sunnyland/artwork/Environment/Tilemap/Tiles/tileset-sliced_90.asset
  artifactKey: Guid(50f520a830adb9b45ad746c80926544d) Importer(815301076,1909f56bfc062723c751e8b465ee728b)
Start importing Assets/Sunnyland/artwork/Environment/Tilemap/Tiles/tileset-sliced_90.asset using Guid(50f520a830adb9b45ad746c80926544d) Importer(815301076,1909f56bfc062723c751e8b465ee728b)  -> (artifact id: '791e40c209c371cb48458260d7c0a58d') in 0.020270 seconds 
========================================================================
Received Import Request.
  Time since last request: 0.000289 seconds.
  path: Assets/Sunnyland/artwork/Environment/Tilemap/Tiles/tileset-sliced_108.asset
  artifactKey: Guid(1c68f0de6b7a5564aa1b1da0801c13db) Importer(815301076,1909f56bfc062723c751e8b465ee728b)
Start importing Assets/Sunnyland/artwork/Environment/Tilemap/Tiles/tileset-sliced_108.asset using Guid(1c68f0de6b7a5564aa1b1da0801c13db) Importer(815301076,1909f56bfc062723c751e8b465ee728b)  -> (artifact id: '582e84522edb4bb42cf780aa9cacd600') in 0.019305 seconds 
========================================================================
Received Import Request.
  Time since last request: 0.000270 seconds.
  path: Assets/Sunnyland/artwork/Environment/Tilemap/Tiles/tileset-sliced_103.asset
  artifactKey: Guid(850eba81ebe4cd048a284a997f4d4680) Importer(815301076,1909f56bfc062723c751e8b465ee728b)
Start importing Assets/Sunnyland/artwork/Environment/Tilemap/Tiles/tileset-sliced_103.asset using Guid(850eba81ebe4cd048a284a997f4d4680) Importer(815301076,1909f56bfc062723c751e8b465ee728b)  -> (artifact id: 'c41865ca92e1e3543edd8c0716a9414d') in 0.019159 seconds 
========================================================================
Received Import Request.
  Time since last request: 0.000297 seconds.
  path: Assets/Sunnyland/artwork/Environment/Tilemap/Tiles/tileset-sliced_120.asset
  artifactKey: Guid(171e30d0005ed984680e1a8c91bfb245) Importer(815301076,1909f56bfc062723c751e8b465ee728b)
Start importing Assets/Sunnyland/artwork/Environment/Tilemap/Tiles/tileset-sliced_120.asset using Guid(171e30d0005ed984680e1a8c91bfb245) Importer(815301076,1909f56bfc062723c751e8b465ee728b)  -> (artifact id: '3614a2e350c25c240fbbf3a5fa040afc') in 0.021438 seconds 
========================================================================
Received Import Request.
  Time since last request: 0.000344 seconds.
  path: Assets/Sunnyland/artwork/Environment/Tilemap/Tiles/tileset-sliced_124.asset
  artifactKey: Guid(de7a6eee6b8870e4bb1a35e78b81cb91) Importer(815301076,1909f56bfc062723c751e8b465ee728b)
Start importing Assets/Sunnyland/artwork/Environment/Tilemap/Tiles/tileset-sliced_124.asset using Guid(de7a6eee6b8870e4bb1a35e78b81cb91) Importer(815301076,1909f56bfc062723c751e8b465ee728b)  -> (artifact id: '5aa4189802b7a8f700918bea873f2fca') in 0.019502 seconds 
========================================================================
Received Import Request.
  Time since last request: 0.000257 seconds.
  path: Assets/Sunnyland/artwork/Environment/Tilemap/Tiles/tileset-sliced_111.asset
  artifactKey: Guid(edeea39b2aa640f45aca37f9b332f657) Importer(815301076,1909f56bfc062723c751e8b465ee728b)
Start importing Assets/Sunnyland/artwork/Environment/Tilemap/Tiles/tileset-sliced_111.asset using Guid(edeea39b2aa640f45aca37f9b332f657) Importer(815301076,1909f56bfc062723c751e8b465ee728b)  -> (artifact id: '56d83f8fe69626b4a19b0f6b8d3c4015') in 0.020540 seconds 
========================================================================
Received Import Request.
  Time since last request: 0.000284 seconds.
  path: Assets/Sunnyland/artwork/Environment/Tilemap/Tiles/tileset-sliced_100.asset
  artifactKey: Guid(f0041bc1c88ad53409e138015e97490b) Importer(815301076,1909f56bfc062723c751e8b465ee728b)
Start importing Assets/Sunnyland/artwork/Environment/Tilemap/Tiles/tileset-sliced_100.asset using Guid(f0041bc1c88ad53409e138015e97490b) Importer(815301076,1909f56bfc062723c751e8b465ee728b)  -> (artifact id: 'f61e2a21f3044149718d5d139e841003') in 0.019452 seconds 
========================================================================
Received Import Request.
  Time since last request: 0.000402 seconds.
  path: Assets/Sunnyland/artwork/Environment/Tilemap/Tiles/tileset-sliced_97.asset
  artifactKey: Guid(b4b7db731a4040e4ca7365646a629cfb) Importer(815301076,1909f56bfc062723c751e8b465ee728b)
Start importing Assets/Sunnyland/artwork/Environment/Tilemap/Tiles/tileset-sliced_97.asset using Guid(b4b7db731a4040e4ca7365646a629cfb) Importer(815301076,1909f56bfc062723c751e8b465ee728b)  -> (artifact id: '0fd5e84ea04c819ed27a61020f2af5f0') in 0.018589 seconds 
========================================================================
Received Import Request.
  Time since last request: 0.000366 seconds.
  path: Assets/Sunnyland/artwork/Environment/Tilemap/Tiles/tileset-sliced_104.asset
  artifactKey: Guid(e9c12a4fcc6d7f14b8969ba5f7c868c3) Importer(815301076,1909f56bfc062723c751e8b465ee728b)
Start importing Assets/Sunnyland/artwork/Environment/Tilemap/Tiles/tileset-sliced_104.asset using Guid(e9c12a4fcc6d7f14b8969ba5f7c868c3) Importer(815301076,1909f56bfc062723c751e8b465ee728b)  -> (artifact id: '063469760dd308d57aea467a1089ee55') in 0.020448 seconds 
========================================================================
Received Import Request.
  Time since last request: 0.000280 seconds.
  path: Assets/Sunnyland/artwork/Environment/Tilemap/Tiles/tileset-sliced_102.asset
  artifactKey: Guid(944975b739fc95b448eb5d37f7ef22f0) Importer(815301076,1909f56bfc062723c751e8b465ee728b)
Start importing Assets/Sunnyland/artwork/Environment/Tilemap/Tiles/tileset-sliced_102.asset using Guid(944975b739fc95b448eb5d37f7ef22f0) Importer(815301076,1909f56bfc062723c751e8b465ee728b)  -> (artifact id: '02bfcbf513473d2ac7dca4b3d08397f5') in 0.021272 seconds 
========================================================================
Received Import Request.
  Time since last request: 145.826915 seconds.
  path: Assets/Animation/EnterIcon.controller
  artifactKey: Guid(95cb29c215643e14a8c9896e4ca16ad0) Importer(815301076,1909f56bfc062723c751e8b465ee728b)
Start importing Assets/Animation/EnterIcon.controller using Guid(95cb29c215643e14a8c9896e4ca16ad0) Importer(815301076,1909f56bfc062723c751e8b465ee728b)  -> (artifact id: 'b0002ada87183bbc908469a835fcffae') in 0.025774 seconds 
========================================================================
Received Prepare
Refreshing native plugins compatible for Editor in 4.70 ms, found 3 plugins.
Preloading 0 native plugins for Editor in 0.00 ms.
Unloading 18 Unused Serialized files (Serialized files now loaded: 0)
System memory in use before: 79.5 MB.
System memory in use after: 79.5 MB.

Unloading 18 unused Assets to reduce memory usage. Loaded Objects now: 2699.
Total: 3.840700 ms (FindLiveObjects: 0.257600 ms CreateObjectMapping: 0.066400 ms MarkObjects: 3.368000 ms  DeleteObjects: 0.147500 ms)

AssetImportParameters requested are different than current active one (requested -> active):
  custom:framework-win-MediaFoundation: 216162199b28c13a410421893ffa2e32 -> 
  custom:video-decoder-ogg-theora: a1e56fd34408186e4bbccfd4996cb3dc -> 
  custom:container-muxer-webm: aa71ff27fc2769a1b78a27578f13a17b -> 
  custom:container-demuxer-webm: 4f35f7cbe854078d1ac9338744f61a02 -> 
  custom:container-demuxer-ogg: 62fdf1f143b41e24485cea50d1cbac27 -> 
  custom:video-encoder-webm-vp8: eb34c28f22e8b96e1ab97ce403110664 -> 
  custom:video-decoder-webm-vp8: 9c59270c3fd7afecdb556c50c9e8de78 -> 
  custom:audio-decoder-ogg-vorbis: bf7c407c2cedff20999df2af8eb42d56 -> 
  custom:audio-encoder-webm-vorbis: bf7c407c2cedff20999df2af8eb42d56 -> 
========================================================================
Received Import Request.
  Time since last request: 69.236474 seconds.
  path: Assets/MySprites/EnterIcon.png
  artifactKey: Guid(27395a5d4ba840d4abceab72118df904) Importer(815301076,1909f56bfc062723c751e8b465ee728b)
Start importing Assets/MySprites/EnterIcon.png using Guid(27395a5d4ba840d4abceab72118df904) Importer(815301076,1909f56bfc062723c751e8b465ee728b)  -> (artifact id: '687920596e08c241825da78b7cdf8e33') in 0.139613 seconds 
========================================================================
Received Prepare
Registering precompiled user dll's ...
Registered in 0.005504 seconds.
Begin MonoManager ReloadAssembly
Symbol file data-000001ED87F13300 doesn't match image C:\Users\cjmin\Project01\My project\Library\ScriptAssemblies\Unity.2D.Animation.Editor.dll
Symbol file LoadedFromMemory is not a mono symbol file
Symbol file data-000001EF7F217660 doesn't match image C:\Users\cjmin\Project01\My project\Library\ScriptAssemblies\Unity.InternalAPIEngineBridge.001.dll
Symbol file LoadedFromMemory is not a mono symbol file
Symbol file data-000001ED885B10F0 doesn't match image C:\Users\cjmin\Project01\My project\Library\ScriptAssemblies\Unity.VSCode.Editor.dll
Symbol file LoadedFromMemory is not a mono symbol file
Symbol file data-000001EF7F217660 doesn't match image C:\Users\cjmin\Project01\My project\Library\ScriptAssemblies\Unity.2D.PixelPerfect.dll
Symbol file LoadedFromMemory is not a mono symbol file
Symbol file data-000001ED884591F0 doesn't match image C:\Users\cjmin\Project01\My project\Library\ScriptAssemblies\Unity.2D.Tilemap.Editor.dll
Symbol file LoadedFromMemory is not a mono symbol file
Symbol file data-000001EF7EDBC010 doesn't match image C:\Users\cjmin\Project01\My project\Library\ScriptAssemblies\PsdPlugin.dll
Symbol file LoadedFromMemory is not a mono symbol file
Symbol file data-000001ED87F4D3C0 doesn't match image C:\Users\cjmin\Project01\My project\Library\ScriptAssemblies\Unity.TextMeshPro.Editor.dll
Symbol file LoadedFromMemory is not a mono symbol file
Symbol file data-000001ED87E7F1E0 doesn't match image C:\Users\cjmin\Project01\My project\Library\ScriptAssemblies\Unity.VisualStudio.Editor.dll
Symbol file LoadedFromMemory is not a mono symbol file
Symbol file data-000001EF7EDBC010 doesn't match image C:\Users\cjmin\Project01\My project\Library\ScriptAssemblies\UnityEngine.TestRunner.dll
Symbol file LoadedFromMemory is not a mono symbol file
Symbol file data-000001ED8654A020 doesn't match image C:\Users\cjmin\Project01\My project\Library\ScriptAssemblies\Unity.Timeline.dll
Symbol file LoadedFromMemory is not a mono symbol file
Symbol file data-000001ED84C19010 doesn't match image C:\Users\cjmin\Project01\My project\Library\ScriptAssemblies\Unity.TextMeshPro.dll
Symbol file LoadedFromMemory is not a mono symbol file
Symbol file data-000001ED82A30090 doesn't match image C:\Users\cjmin\Project01\My project\Library\ScriptAssemblies\UnityEditor.TestRunner.dll
Symbol file LoadedFromMemory is not a mono symbol file
Symbol file data-000001ED885B10F0 doesn't match image C:\Users\cjmin\Project01\My project\Library\ScriptAssemblies\Unity.2D.IK.Editor.dll
Symbol file LoadedFromMemory is not a mono symbol file
Symbol file data-000001ED87F4D3C0 doesn't match image C:\Users\cjmin\Project01\My project\Library\ScriptAssemblies\Unity.2D.Sprite.Editor.dll
Symbol file LoadedFromMemory is not a mono symbol file
Symbol file data-000001EF7EDBC010 doesn't match image C:\Users\cjmin\Project01\My project\Library\ScriptAssemblies\Unity.2D.Psdimporter.Editor.dll
Symbol file LoadedFromMemory is not a mono symbol file
Symbol file data-000001ED82CF2860 doesn't match image C:\Users\cjmin\Project01\My project\Library\ScriptAssemblies\Unity.2D.Path.Editor.dll
Symbol file LoadedFromMemory is not a mono symbol file
Symbol file data-000001ED87EF70A0 doesn't match image C:\Users\cjmin\Project01\My project\Library\ScriptAssemblies\Unity.InternalAPIEditorBridge.001.dll
Symbol file LoadedFromMemory is not a mono symbol file
Symbol file data-000001ED87DACD70 doesn't match image C:\Users\cjmin\Project01\My project\Library\ScriptAssemblies\UnityEditor.UI.dll
Symbol file LoadedFromMemory is not a mono symbol file
Symbol file data-000001ED832E7020 doesn't match image C:\Users\cjmin\Project01\My project\Library\ScriptAssemblies\Unity.PlasticSCM.Editor.dll
Symbol file LoadedFromMemory is not a mono symbol file
Symbol file data-000001ED83E9C040 doesn't match image C:\Users\cjmin\Project01\My project\Library\ScriptAssemblies\Unity.Rider.Editor.dll
Symbol file LoadedFromMemory is not a mono symbol file
Symbol file data-000001ED87F8E180 doesn't match image C:\Users\cjmin\Project01\My project\Library\ScriptAssemblies\UnityEngine.UI.dll
Symbol file LoadedFromMemory is not a mono symbol file
Symbol file data-000001ED87DC9E00 doesn't match image C:\Users\cjmin\Project01\My project\Library\ScriptAssemblies\Unity.Mathematics.dll
Symbol file LoadedFromMemory is not a mono symbol file
Symbol file data-000001EF7F0FE430 doesn't match image C:\Users\cjmin\Project01\My project\Library\ScriptAssemblies\Unity.2D.IK.Runtime.dll
Symbol file LoadedFromMemory is not a mono symbol file
Symbol file data-000001ED83E9C040 doesn't match image C:\Users\cjmin\Project01\My project\Library\ScriptAssemblies\Unity.Services.Core.Editor.dll
Symbol file LoadedFromMemory is not a mono symbol file
Symbol file data-000001ED83320430 doesn't match image C:\Users\cjmin\Project01\My project\Library\ScriptAssemblies\TextToTMP.Editor.dll
Symbol file LoadedFromMemory is not a mono symbol file
Symbol file data-000001ED83320430 doesn't match image C:\Users\cjmin\Project01\My project\Library\ScriptAssemblies\Unity.2D.Animation.Runtime.dll
Symbol file LoadedFromMemory is not a mono symbol file
Symbol file data-000001ED84C40220 doesn't match image C:\Users\cjmin\Project01\My project\Library\ScriptAssemblies\Unity.2D.PixelPerfect.Editor.dll
Symbol file LoadedFromMemory is not a mono symbol file
Symbol file data-000001ED884B2020 doesn't match image C:\Users\cjmin\Project01\My project\Library\ScriptAssemblies\Unity.Timeline.Editor.dll
Symbol file LoadedFromMemory is not a mono symbol file
Symbol file data-000001ED8310C030 doesn't match image C:\Users\cjmin\Project01\My project\Library\ScriptAssemblies\Unity.CollabProxy.Editor.dll
Symbol file LoadedFromMemory is not a mono symbol file
Symbol file data-000001EF7E99C820 doesn't match image C:\Users\cjmin\Project01\My project\Library\ScriptAssemblies\Unity.Mathematics.Editor.dll
Symbol file LoadedFromMemory is not a mono symbol file
Symbol file data-000001ED83E9C040 doesn't match image C:\Users\cjmin\Project01\My project\Library\ScriptAssemblies\Unity.2D.Common.Runtime.dll
Symbol file LoadedFromMemory is not a mono symbol file
Symbol file data-000001ED840E2010 doesn't match image C:\Users\cjmin\Project01\My project\Library\ScriptAssemblies\Unity.2D.SpriteShape.Editor.dll
Symbol file LoadedFromMemory is not a mono symbol file
Symbol file data-000001ED82CE3C30 doesn't match image C:\Users\cjmin\Project01\My project\Library\ScriptAssemblies\Unity.2D.Common.Editor.dll
Symbol file LoadedFromMemory is not a mono symbol file
Symbol file data-000001ED8310C030 doesn't match image C:\Users\cjmin\Project01\My project\Library\ScriptAssemblies\Unity.2D.SpriteShape.Runtime.dll
Symbol file LoadedFromMemory is not a mono symbol file
Native extension for WindowsStandalone target not found
Refreshing native plugins compatible for Editor in 0.69 ms, found 3 plugins.
Preloading 0 native plugins for Editor in 0.00 ms.
Mono: successfully reloaded assembly
- Completed reload, in  1.584 seconds
Domain Reload Profiling:
	ReloadAssembly (1584ms)
		BeginReloadAssembly (227ms)
			ExecutionOrderSort (0ms)
			DisableScriptedObjects (14ms)
			BackupInstance (0ms)
			ReleaseScriptingObjects (0ms)
			CreateAndSetChildDomain (52ms)
		EndReloadAssembly (1243ms)
			LoadAssemblies (213ms)
			RebuildTransferFunctionScriptingTraits (0ms)
			SetupTypeCache (453ms)
			ReleaseScriptCaches (2ms)
			RebuildScriptCaches (52ms)
			SetupLoadedEditorAssemblies (438ms)
				LogAssemblyErrors (0ms)
				InitializePlatformSupportModulesInManaged (10ms)
				SetLoadedEditorAssemblies (1ms)
				RefreshPlugins (1ms)
				BeforeProcessingInitializeOnLoad (125ms)
				ProcessInitializeOnLoadAttributes (274ms)
				ProcessInitializeOnLoadMethodAttributes (14ms)
				AfterProcessingInitializeOnLoad (12ms)
				EditorAssembliesLoaded (0ms)
			ExecutionOrderSort2 (0ms)
			AwakeInstancesAfterBackupRestoration (11ms)
Platform modules already initialized, skipping
Refreshing native plugins compatible for Editor in 0.74 ms, found 3 plugins.
Preloading 0 native plugins for Editor in 0.00 ms.
Unloading 2222 Unused Serialized files (Serialized files now loaded: 0)
System memory in use before: 123.3 MB.
System memory in use after: 123.2 MB.

Unloading 20 unused Assets to reduce memory usage. Loaded Objects now: 2706.
Total: 3.137200 ms (FindLiveObjects: 0.180800 ms CreateObjectMapping: 0.067100 ms MarkObjects: 2.711100 ms  DeleteObjects: 0.176100 ms)

AssetImportParameters requested are different than current active one (requested -> active):
  custom:framework-win-MediaFoundation: 216162199b28c13a410421893ffa2e32 -> 
  custom:video-decoder-ogg-theora: a1e56fd34408186e4bbccfd4996cb3dc -> 
  custom:container-muxer-webm: aa71ff27fc2769a1b78a27578f13a17b -> 
  custom:container-demuxer-webm: 4f35f7cbe854078d1ac9338744f61a02 -> 
  custom:container-demuxer-ogg: 62fdf1f143b41e24485cea50d1cbac27 -> 
  custom:video-encoder-webm-vp8: eb34c28f22e8b96e1ab97ce403110664 -> 
  custom:video-decoder-webm-vp8: 9c59270c3fd7afecdb556c50c9e8de78 -> 
  custom:audio-decoder-ogg-vorbis: bf7c407c2cedff20999df2af8eb42d56 -> 
  custom:audio-encoder-webm-vorbis: bf7c407c2cedff20999df2af8eb42d56 -> 
========================================================================
Received Prepare
Registering precompiled user dll's ...
Registered in 0.005392 seconds.
Begin MonoManager ReloadAssembly
Symbol file data-000001ED84683020 doesn't match image C:\Users\cjmin\Project01\My project\Library\ScriptAssemblies\Unity.2D.Animation.Editor.dll
Symbol file LoadedFromMemory is not a mono symbol file
Symbol file data-000001ED830F72F0 doesn't match image C:\Users\cjmin\Project01\My project\Library\ScriptAssemblies\Unity.InternalAPIEngineBridge.001.dll
Symbol file LoadedFromMemory is not a mono symbol file
Symbol file data-000001ED885B10F0 doesn't match image C:\Users\cjmin\Project01\My project\Library\ScriptAssemblies\Unity.VSCode.Editor.dll
Symbol file LoadedFromMemory is not a mono symbol file
Symbol file data-000001ED830F72F0 doesn't match image C:\Users\cjmin\Project01\My project\Library\ScriptAssemblies\Unity.2D.PixelPerfect.dll
Symbol file LoadedFromMemory is not a mono symbol file
Symbol file data-000001ED87F4D3C0 doesn't match image C:\Users\cjmin\Project01\My project\Library\ScriptAssemblies\Unity.2D.Tilemap.Editor.dll
Symbol file LoadedFromMemory is not a mono symbol file
Symbol file data-000001EF7EC75020 doesn't match image C:\Users\cjmin\Project01\My project\Library\ScriptAssemblies\PsdPlugin.dll
Symbol file LoadedFromMemory is not a mono symbol file
Symbol file data-000001EF7EEFA420 doesn't match image C:\Users\cjmin\Project01\My project\Library\ScriptAssemblies\Unity.TextMeshPro.Editor.dll
Symbol file LoadedFromMemory is not a mono symbol file
Symbol file data-000001EF7EC75020 doesn't match image C:\Users\cjmin\Project01\My project\Library\ScriptAssemblies\Unity.VisualStudio.Editor.dll
Symbol file LoadedFromMemory is not a mono symbol file
Symbol file data-000001EF7EDBC010 doesn't match image C:\Users\cjmin\Project01\My project\Library\ScriptAssemblies\UnityEngine.TestRunner.dll
Symbol file LoadedFromMemory is not a mono symbol file
Symbol file data-000001ED8654A020 doesn't match image C:\Users\cjmin\Project01\My project\Library\ScriptAssemblies\Unity.Timeline.dll
Symbol file LoadedFromMemory is not a mono symbol file
Symbol file data-000001ED87D551B0 doesn't match image C:\Users\cjmin\Project01\My project\Library\ScriptAssemblies\Unity.TextMeshPro.dll
Symbol file LoadedFromMemory is not a mono symbol file
Symbol file data-000001ED87E9EE60 doesn't match image C:\Users\cjmin\Project01\My project\Library\ScriptAssemblies\UnityEditor.TestRunner.dll
Symbol file LoadedFromMemory is not a mono symbol file
Symbol file data-000001ED885B10F0 doesn't match image C:\Users\cjmin\Project01\My project\Library\ScriptAssemblies\Unity.2D.IK.Editor.dll
Symbol file LoadedFromMemory is not a mono symbol file
Symbol file data-000001ED87E9EE60 doesn't match image C:\Users\cjmin\Project01\My project\Library\ScriptAssemblies\Unity.2D.Sprite.Editor.dll
Symbol file LoadedFromMemory is not a mono symbol file
Symbol file data-000001EF7EC75020 doesn't match image C:\Users\cjmin\Project01\My project\Library\ScriptAssemblies\Unity.2D.Psdimporter.Editor.dll
Symbol file LoadedFromMemory is not a mono symbol file
Symbol file data-000001EF7EC75020 doesn't match image C:\Users\cjmin\Project01\My project\Library\ScriptAssemblies\Unity.2D.Path.Editor.dll
Symbol file LoadedFromMemory is not a mono symbol file
Symbol file data-000001EF7F217660 doesn't match image C:\Users\cjmin\Project01\My project\Library\ScriptAssemblies\Unity.InternalAPIEditorBridge.001.dll
Symbol file LoadedFromMemory is not a mono symbol file
Symbol file data-000001ED83680100 doesn't match image C:\Users\cjmin\Project01\My project\Library\ScriptAssemblies\UnityEditor.UI.dll
Symbol file LoadedFromMemory is not a mono symbol file
Symbol file data-000001ED8655C410 doesn't match image C:\Users\cjmin\Project01\My project\Library\ScriptAssemblies\Unity.PlasticSCM.Editor.dll
Symbol file LoadedFromMemory is not a mono symbol file
Symbol file data-000001ED885DA090 doesn't match image C:\Users\cjmin\Project01\My project\Library\ScriptAssemblies\Unity.Rider.Editor.dll
Symbol file LoadedFromMemory is not a mono symbol file
Symbol file data-000001ED87F8E180 doesn't match image C:\Users\cjmin\Project01\My project\Library\ScriptAssemblies\UnityEngine.UI.dll
Symbol file LoadedFromMemory is not a mono symbol file
Symbol file data-000001ED8490F020 doesn't match image C:\Users\cjmin\Project01\My project\Library\ScriptAssemblies\Unity.Mathematics.dll
Symbol file LoadedFromMemory is not a mono symbol file
Symbol file data-000001ED885B10F0 doesn't match image C:\Users\cjmin\Project01\My project\Library\ScriptAssemblies\Unity.2D.IK.Runtime.dll
Symbol file LoadedFromMemory is not a mono symbol file
Symbol file data-000001ED83E9C040 doesn't match image C:\Users\cjmin\Project01\My project\Library\ScriptAssemblies\Unity.Services.Core.Editor.dll
Symbol file LoadedFromMemory is not a mono symbol file
Symbol file data-000001ED84813020 doesn't match image C:\Users\cjmin\Project01\My project\Library\ScriptAssemblies\TextToTMP.Editor.dll
Symbol file LoadedFromMemory is not a mono symbol file
Symbol file data-000001ED84813020 doesn't match image C:\Users\cjmin\Project01\My project\Library\ScriptAssemblies\Unity.2D.Animation.Runtime.dll
Symbol file LoadedFromMemory is not a mono symbol file
Symbol file data-000001EF7F217660 doesn't match image C:\Users\cjmin\Project01\My project\Library\ScriptAssemblies\Unity.2D.PixelPerfect.Editor.dll
Symbol file LoadedFromMemory is not a mono symbol file
Symbol file data-000001EF7F408020 doesn't match image C:\Users\cjmin\Project01\My project\Library\ScriptAssemblies\Unity.Timeline.Editor.dll
Symbol file LoadedFromMemory is not a mono symbol file
Symbol file data-000001ED86345010 doesn't match image C:\Users\cjmin\Project01\My project\Library\ScriptAssemblies\Unity.CollabProxy.Editor.dll
Symbol file LoadedFromMemory is not a mono symbol file
Symbol file data-000001ED86D3F020 doesn't match image C:\Users\cjmin\Project01\My project\Library\ScriptAssemblies\Unity.Mathematics.Editor.dll
Symbol file LoadedFromMemory is not a mono symbol file
Symbol file data-000001ED83E9C040 doesn't match image C:\Users\cjmin\Project01\My project\Library\ScriptAssemblies\Unity.2D.Common.Runtime.dll
Symbol file LoadedFromMemory is not a mono symbol file
Symbol file data-000001ED87FA2390 doesn't match image C:\Users\cjmin\Project01\My project\Library\ScriptAssemblies\Unity.2D.SpriteShape.Editor.dll
Symbol file LoadedFromMemory is not a mono symbol file
Symbol file data-000001EF7F0FDE30 doesn't match image C:\Users\cjmin\Project01\My project\Library\ScriptAssemblies\Unity.2D.Common.Editor.dll
Symbol file LoadedFromMemory is not a mono symbol file
Symbol file data-000001ED86345010 doesn't match image C:\Users\cjmin\Project01\My project\Library\ScriptAssemblies\Unity.2D.SpriteShape.Runtime.dll
Symbol file LoadedFromMemory is not a mono symbol file
Native extension for WindowsStandalone target not found
Refreshing native plugins compatible for Editor in 0.98 ms, found 3 plugins.
Preloading 0 native plugins for Editor in 0.00 ms.
Mono: successfully reloaded assembly
- Completed reload, in  1.448 seconds
Domain Reload Profiling:
	ReloadAssembly (1449ms)
		BeginReloadAssembly (129ms)
			ExecutionOrderSort (0ms)
			DisableScriptedObjects (9ms)
			BackupInstance (0ms)
			ReleaseScriptingObjects (0ms)
			CreateAndSetChildDomain (32ms)
		EndReloadAssembly (1253ms)
			LoadAssemblies (123ms)
			RebuildTransferFunctionScriptingTraits (0ms)
			SetupTypeCache (352ms)
			ReleaseScriptCaches (1ms)
			RebuildScriptCaches (44ms)
			SetupLoadedEditorAssemblies (573ms)
				LogAssemblyErrors (0ms)
				InitializePlatformSupportModulesInManaged (11ms)
				SetLoadedEditorAssemblies (1ms)
				RefreshPlugins (1ms)
				BeforeProcessingInitializeOnLoad (189ms)
				ProcessInitializeOnLoadAttributes (343ms)
				ProcessInitializeOnLoadMethodAttributes (13ms)
				AfterProcessingInitializeOnLoad (15ms)
				EditorAssembliesLoaded (0ms)
			ExecutionOrderSort2 (0ms)
			AwakeInstancesAfterBackupRestoration (14ms)
Platform modules already initialized, skipping
Refreshing native plugins compatible for Editor in 1.08 ms, found 3 plugins.
Preloading 0 native plugins for Editor in 0.00 ms.
Unloading 2222 Unused Serialized files (Serialized files now loaded: 0)
System memory in use before: 123.3 MB.
System memory in use after: 123.3 MB.

Unloading 20 unused Assets to reduce memory usage. Loaded Objects now: 2708.
Total: 3.113500 ms (FindLiveObjects: 0.159300 ms CreateObjectMapping: 0.047600 ms MarkObjects: 2.723500 ms  DeleteObjects: 0.181700 ms)

AssetImportParameters requested are different than current active one (requested -> active):
  custom:framework-win-MediaFoundation: 216162199b28c13a410421893ffa2e32 -> 
  custom:video-decoder-ogg-theora: a1e56fd34408186e4bbccfd4996cb3dc -> 
  custom:container-muxer-webm: aa71ff27fc2769a1b78a27578f13a17b -> 
  custom:container-demuxer-webm: 4f35f7cbe854078d1ac9338744f61a02 -> 
  custom:container-demuxer-ogg: 62fdf1f143b41e24485cea50d1cbac27 -> 
  custom:video-encoder-webm-vp8: eb34c28f22e8b96e1ab97ce403110664 -> 
  custom:video-decoder-webm-vp8: 9c59270c3fd7afecdb556c50c9e8de78 -> 
  custom:audio-decoder-ogg-vorbis: bf7c407c2cedff20999df2af8eb42d56 -> 
  custom:audio-encoder-webm-vorbis: bf7c407c2cedff20999df2af8eb42d56 -> 
AssetImportWorkerClient::OnTransportError - code=2 error=End of file
